[0911/214533.562:ERROR:process_reader_win.cc(123)] NtOpenThread: {拒絕存取} 程序已請求存取一物件，但未被授與存取權。 (0xc0000022)
[0911/214533.567:ERROR:exception_snapshot_win.cc(98)] thread ID 13508 not found in process
[0911/233029.823:ERROR:process_reader_win.cc(123)] NtOpenThread: {拒絕存取} 程序已請求存取一物件，但未被授與存取權。 (0xc0000022)
[0911/233029.824:ERROR:exception_snapshot_win.cc(98)] thread ID 7396 not found in process
[0911/233226.360:ERROR:process_reader_win.cc(123)] NtOpenThread: {拒絕存取} 程序已請求存取一物件，但未被授與存取權。 (0xc0000022)
[0911/233226.362:ERROR:exception_snapshot_win.cc(98)] thread ID 10900 not found in process
[0912/185638.796:ERROR:process_reader_win.cc(123)] NtOpenThread: {拒絕存取} 程序已請求存取一物件，但未被授與存取權。 (0xc0000022)
[0912/185638.804:ERROR:exception_snapshot_win.cc(98)] thread ID 12204 not found in process
<<<<<<< HEAD
[0913/011712.374:ERROR:process_reader_win.cc(123)] NtOpenThread: {拒絕存取} 程序已請求存取一物件，但未被授與存取權。 (0xc0000022)
[0913/011712.374:ERROR:exception_snapshot_win.cc(98)] thread ID 808 not found in process
[0913/011946.051:ERROR:process_reader_win.cc(123)] NtOpenThread: {拒絕存取} 程序已請求存取一物件，但未被授與存取權。 (0xc0000022)
[0913/011946.051:ERROR:exception_snapshot_win.cc(98)] thread ID 14644 not found in process
=======
[0913/010917.369:ERROR:process_reader_win.cc(123)] NtOpenThread: {拒絕存取} 程序已請求存取一物件，但未被授與存取權。 (0xc0000022)
[0913/010917.370:ERROR:exception_snapshot_win.cc(98)] thread ID 12460 not found in process
[0913/012855.543:ERROR:process_reader_win.cc(123)] NtOpenThread: {拒絕存取} 程序已請求存取一物件，但未被授與存取權。 (0xc0000022)
[0913/012855.543:ERROR:exception_snapshot_win.cc(98)] thread ID 11060 not found in process
<<<<<<< HEAD
>>>>>>> fb581e8ec42f19800adedd578676ce650a460e7d
[0913/015148.660:ERROR:process_reader_win.cc(123)] NtOpenThread: {拒絕存取} 程序已請求存取一物件，但未被授與存取權。 (0xc0000022)
[0913/015148.660:ERROR:exception_snapshot_win.cc(98)] thread ID 7392 not found in process
[0913/015537.218:ERROR:process_reader_win.cc(123)] NtOpenThread: {拒絕存取} 程序已請求存取一物件，但未被授與存取權。 (0xc0000022)
[0913/015537.219:ERROR:exception_snapshot_win.cc(98)] thread ID 14416 not found in process
[0913/015951.692:ERROR:process_reader_win.cc(123)] NtOpenThread: {拒絕存取} 程序已請求存取一物件，但未被授與存取權。 (0xc0000022)
[0913/015951.693:ERROR:exception_snapshot_win.cc(98)] thread ID 15344 not found in process
=======
[0913/014224.115:ERROR:process_reader_win.cc(123)] NtOpenThread: {拒絕存取} 程序已請求存取一物件，但未被授與存取權。 (0xc0000022)
[0913/014224.115:ERROR:exception_snapshot_win.cc(98)] thread ID 8696 not found in process
<<<<<<< HEAD
>>>>>>> 832f0aaa3a6d0aad01155d082539b3e12e89fc03
[0913/232553.347:ERROR:process_reader_win.cc(123)] NtOpenThread: {拒絕存取} 程序已請求存取一物件，但未被授與存取權。 (0xc0000022)
[0913/232553.348:ERROR:exception_snapshot_win.cc(98)] thread ID 17968 not found in process
=======
[0913/233106.011:ERROR:process_reader_win.cc(123)] NtOpenThread: {拒絕存取} 程序已請求存取一物件，但未被授與存取權。 (0xc0000022)
[0913/233106.011:ERROR:exception_snapshot_win.cc(98)] thread ID 8224 not found in process
>>>>>>> a3c6f0f60dd7e64e0c7d5d7fce921314bcce1a1b
[0914/002106.179:ERROR:process_reader_win.cc(123)] NtOpenThread: {拒絕存取} 程序已請求存取一物件，但未被授與存取權。 (0xc0000022)
[0914/002106.180:ERROR:exception_snapshot_win.cc(98)] thread ID 7996 not found in process
[0914/135205.808:ERROR:process_reader_win.cc(123)] NtOpenThread: {拒絕存取} 程序已請求存取一物件，但未被授與存取權。 (0xc0000022)
[0914/135205.809:ERROR:exception_snapshot_win.cc(98)] thread ID 16996 not found in process
