2019-08-25 15:30:40 [scrapy.utils.log] INFO: Scrapy 1.6.0 started (bot: NBS)
2019-08-25 15:30:40 [scrapy.utils.log] INFO: Versions: lxml 4.3.2.0, libxml2 2.9.9, cssselect 1.0.3, parsel 1.5.1, w3lib 1.20.0, Twisted 19.2.0, Python 3.7.3 (default, Mar 27 2019, 17:13:21) [MSC v.1915 64 bit (AMD64)], pyOpenSSL 19.0.0 (OpenSSL 1.1.1b  26 Feb 2019), cryptography 2.6.1, Platform Windows-10-10.0.17134-SP0
2019-08-25 15:30:40 [scrapy.crawler] INFO: Overridden settings: {'BOT_NAME': 'NBS', 'LOG_FILE': 'player.log', 'NEWSPIDER_MODULE': 'NBS.spiders', 'SPIDER_MODULES': ['NBS.spiders']}
2019-08-25 15:30:40 [scrapy.extensions.telnet] INFO: Telnet Password: 0181efcc011e5fbf
2019-08-25 15:30:40 [scrapy.middleware] INFO: Enabled extensions:
['scrapy.extensions.corestats.CoreStats',
 'scrapy.extensions.telnet.TelnetConsole',
 'scrapy.extensions.logstats.LogStats']
2019-08-25 15:30:41 [scrapy.middleware] INFO: Enabled downloader middlewares:
['scrapy.downloadermiddlewares.httpauth.HttpAuthMiddleware',
 'scrapy.downloadermiddlewares.downloadtimeout.DownloadTimeoutMiddleware',
 'scrapy.downloadermiddlewares.defaultheaders.DefaultHeadersMiddleware',
 'scrapy.downloadermiddlewares.useragent.UserAgentMiddleware',
 'scrapy.downloadermiddlewares.retry.RetryMiddleware',
 'scrapy.downloadermiddlewares.redirect.MetaRefreshMiddleware',
 'scrapy.downloadermiddlewares.httpcompression.HttpCompressionMiddleware',
 'scrapy.downloadermiddlewares.redirect.RedirectMiddleware',
 'scrapy.downloadermiddlewares.cookies.CookiesMiddleware',
 'scrapy.downloadermiddlewares.httpproxy.HttpProxyMiddleware',
 'scrapy.downloadermiddlewares.stats.DownloaderStats']
2019-08-25 15:30:41 [scrapy.middleware] INFO: Enabled spider middlewares:
['scrapy.spidermiddlewares.httperror.HttpErrorMiddleware',
 'scrapy.spidermiddlewares.offsite.OffsiteMiddleware',
 'scrapy.spidermiddlewares.referer.RefererMiddleware',
 'scrapy.spidermiddlewares.urllength.UrlLengthMiddleware',
 'scrapy.spidermiddlewares.depth.DepthMiddleware']
2019-08-25 15:30:41 [scrapy.middleware] INFO: Enabled item pipelines:
[]
2019-08-25 15:30:41 [scrapy.core.engine] INFO: Spider opened
2019-08-25 15:30:41 [scrapy.extensions.logstats] INFO: Crawled 0 pages (at 0 pages/min), scraped 0 items (at 0 items/min)
2019-08-25 15:30:41 [scrapy.extensions.telnet] INFO: Telnet console listening on 127.0.0.1:6023
2019-08-25 15:31:26 [scrapy.core.engine] DEBUG: Crawled (200) <GET https://www.basketball-reference.com/players/a/> (referer: None)
2019-08-25 15:31:35 [scrapy.core.engine] DEBUG: Crawled (200) <GET https://www.basketball-reference.com/players/a/abdelal01.html> (referer: https://www.basketball-reference.com/players/a/)
